<?xml version="1.0" encoding="UTF-8"?>
<testng-results ignored="0" total="3" passed="3" failed="0" skipped="0">
  <reporter-output>
  </reporter-output>
  <suite started-at="2021-08-05T19:48:32 IST" name="Suite" finished-at="2021-08-05T19:48:52 IST" duration-ms="19854">
    <groups>
    </groups>
    <test started-at="2021-08-05T19:48:32 IST" name="Test" finished-at="2021-08-05T19:48:52 IST" duration-ms="19854">
      <class name="TestCases.Tc_03">
        <test-method signature="testcase1()[pri:0, instance:TestCases.Tc_03@2473d930]" started-at="2021-08-05T19:48:45 IST" name="testcase1" finished-at="2021-08-05T19:48:52 IST" duration-ms="6560" status="PASS">
          <reporter-output>
          </reporter-output>
        </test-method> <!-- testcase1 -->
      </class> <!-- TestCases.Tc_03 -->
      <class name="TestCases.Tc_02">
        <test-method signature="testcase1()[pri:0, instance:TestCases.Tc_02@47d90b9e]" started-at="2021-08-05T19:48:32 IST" name="testcase1" finished-at="2021-08-05T19:48:38 IST" duration-ms="6486" status="PASS">
          <reporter-output>
          </reporter-output>
        </test-method> <!-- testcase1 -->
      </class> <!-- TestCases.Tc_02 -->
      <class name="TestCases.Tc_01">
        <test-method signature="testcase1()[pri:0, instance:TestCases.Tc_01@76908cc0]" started-at="2021-08-05T19:48:38 IST" name="testcase1" finished-at="2021-08-05T19:48:45 IST" duration-ms="6774" status="PASS">
          <reporter-output>
          </reporter-output>
        </test-method> <!-- testcase1 -->
      </class> <!-- TestCases.Tc_01 -->
    </test> <!-- Test -->
  </suite> <!-- Suite -->
</testng-results>
